0 info it worked if it ends with ok
1 verbose cli [ 'C:\\Program Files\\nodejs\\\\node.exe',
1 verbose cli   'C:\\Program Files\\nodejs\\node_modules\\npm\\bin\\npm-cli.js',
1 verbose cli   'install',
1 verbose cli   'grunt-autoprefixer' ]
2 info using npm@1.3.21
3 info using node@v0.10.24
4 verbose node symlink C:\Program Files\nodejs\\node.exe
5 error Error: Invalid name: "AZ A11Y"
5 error     at ensureValidName (C:\Program Files\nodejs\node_modules\npm\node_modules\read-package-json\node_modules\normalize-package-data\lib\fixer.js:297:15)
5 error     at Object.module.exports.fixNameField (C:\Program Files\nodejs\node_modules\npm\node_modules\read-package-json\node_modules\normalize-package-data\lib\fixer.js:201:5)
5 error     at C:\Program Files\nodejs\node_modules\npm\node_modules\read-package-json\node_modules\normalize-package-data\lib\normalize.js:29:38
5 error     at Array.forEach (native)
5 error     at normalize (C:\Program Files\nodejs\node_modules\npm\node_modules\read-package-json\node_modules\normalize-package-data\lib\normalize.js:28:15)
5 error     at final (C:\Program Files\nodejs\node_modules\npm\node_modules\read-package-json\read-json.js:310:33)
5 error     at then (C:\Program Files\nodejs\node_modules\npm\node_modules\read-package-json\read-json.js:124:33)
5 error     at C:\Program Files\nodejs\node_modules\npm\node_modules\read-package-json\read-json.js:299:40
5 error     at fs.js:266:14
5 error     at C:\Program Files\nodejs\node_modules\npm\node_modules\graceful-fs\graceful-fs.js:103:5
6 error If you need help, you may report this *entire* log,
6 error including the npm and node versions, at:
6 error     <http://github.com/isaacs/npm/issues>
7 error System Windows_NT 6.1.7601
8 error command "C:\\Program Files\\nodejs\\\\node.exe" "C:\\Program Files\\nodejs\\node_modules\\npm\\bin\\npm-cli.js" "install" "grunt-autoprefixer"
9 error cwd D:\Demo\AZ-A11Y
10 error node -v v0.10.24
11 error npm -v 1.3.21
12 verbose exit [ 1, true ]
